../../Code/Platform/PHP/online-book-store/secure/.gitattributes
../../Code/Platform/PHP/online-book-store/secure/admin.php
../../Code/Platform/PHP/online-book-store/secure/admin_add.php
../../Code/Platform/PHP/online-book-store/secure/admin_book.php
../../Code/Platform/PHP/online-book-store/secure/admin_delete.php
../../Code/Platform/PHP/online-book-store/secure/admin_edit.php
../../Code/Platform/PHP/online-book-store/secure/admin_signout.php
../../Code/Platform/PHP/online-book-store/secure/admin_verify.php
../../Code/Platform/PHP/online-book-store/secure/book.php
../../Code/Platform/PHP/online-book-store/secure/bookPerPub.php
../../Code/Platform/PHP/online-book-store/secure/books.php
../../Code/Platform/PHP/online-book-store/secure/cart.php
../../Code/Platform/PHP/online-book-store/secure/checkout.php
../../Code/Platform/PHP/online-book-store/secure/contact.php
../../Code/Platform/PHP/online-book-store/secure/edit_book.php
../../Code/Platform/PHP/online-book-store/secure/empty_session.php
../../Code/Platform/PHP/online-book-store/secure/index.php
../../Code/Platform/PHP/online-book-store/secure/process.php
../../Code/Platform/PHP/online-book-store/secure/publisher_list.php
../../Code/Platform/PHP/online-book-store/secure/purchase.php
../../Code/Platform/PHP/online-book-store/secure/README.md
../../Code/Platform/PHP/online-book-store/secure/verify.php
../../Code/Platform/PHP/online-book-store/secure/.gitattributes
../../Code/Platform/PHP/online-book-store/secure/admin.php
../../Code/Platform/PHP/online-book-store/secure/admin_add.php
../../Code/Platform/PHP/online-book-store/secure/admin_book.php
../../Code/Platform/PHP/online-book-store/secure/admin_delete.php
../../Code/Platform/PHP/online-book-store/secure/admin_edit.php
../../Code/Platform/PHP/online-book-store/secure/admin_signout.php
../../Code/Platform/PHP/online-book-store/secure/admin_verify.php
../../Code/Platform/PHP/online-book-store/secure/book.php
../../Code/Platform/PHP/online-book-store/secure/bookPerPub.php
../../Code/Platform/PHP/online-book-store/secure/books.php
../../Code/Platform/PHP/online-book-store/secure/cart.php
../../Code/Platform/PHP/online-book-store/secure/checkout.php
../../Code/Platform/PHP/online-book-store/secure/contact.php
../../Code/Platform/PHP/online-book-store/secure/edit_book.php
../../Code/Platform/PHP/online-book-store/secure/empty_session.php
../../Code/Platform/PHP/online-book-store/secure/index.php
../../Code/Platform/PHP/online-book-store/secure/process.php
../../Code/Platform/PHP/online-book-store/secure/publisher_list.php
../../Code/Platform/PHP/online-book-store/secure/purchase.php
../../Code/Platform/PHP/online-book-store/secure/README.md
../../Code/Platform/PHP/online-book-store/secure/verify.php
../../Code/Platform/PHP/online-book-store/secure/bootstrap/css/bootstrap-theme.min.css
../../Code/Platform/PHP/online-book-store/secure/bootstrap/css/bootstrap.min.css
../../Code/Platform/PHP/online-book-store/secure/bootstrap/css/jumbotron.css
../../Code/Platform/PHP/online-book-store/secure/bootstrap/css/bootstrap-theme.min.css
../../Code/Platform/PHP/online-book-store/secure/bootstrap/css/bootstrap.min.css
../../Code/Platform/PHP/online-book-store/secure/bootstrap/css/jumbotron.css
../../Code/Platform/PHP/online-book-store/secure/bootstrap/fonts/glyphicons-halflings-regular.eot
../../Code/Platform/PHP/online-book-store/secure/bootstrap/fonts/glyphicons-halflings-regular.svg
../../Code/Platform/PHP/online-book-store/secure/bootstrap/fonts/glyphicons-halflings-regular.ttf
../../Code/Platform/PHP/online-book-store/secure/bootstrap/fonts/glyphicons-halflings-regular.woff
../../Code/Platform/PHP/online-book-store/secure/bootstrap/fonts/glyphicons-halflings-regular.woff2
../../Code/Platform/PHP/online-book-store/secure/bootstrap/fonts/glyphicons-halflings-regular.eot
../../Code/Platform/PHP/online-book-store/secure/bootstrap/fonts/glyphicons-halflings-regular.svg
../../Code/Platform/PHP/online-book-store/secure/bootstrap/fonts/glyphicons-halflings-regular.ttf
../../Code/Platform/PHP/online-book-store/secure/bootstrap/fonts/glyphicons-halflings-regular.woff
../../Code/Platform/PHP/online-book-store/secure/bootstrap/fonts/glyphicons-halflings-regular.woff2
../../Code/Platform/PHP/online-book-store/secure/bootstrap/img/android_studio.jpg
../../Code/Platform/PHP/online-book-store/secure/bootstrap/img/beauty_js.jpg
../../Code/Platform/PHP/online-book-store/secure/bootstrap/img/c_14_quick.jpg
../../Code/Platform/PHP/online-book-store/secure/bootstrap/img/c_sharp_6.jpg
../../Code/Platform/PHP/online-book-store/secure/bootstrap/img/doing_good.jpg
../../Code/Platform/PHP/online-book-store/secure/bootstrap/img/img1.jpg
../../Code/Platform/PHP/online-book-store/secure/bootstrap/img/img2.jpg
../../Code/Platform/PHP/online-book-store/secure/bootstrap/img/img3.jpg
../../Code/Platform/PHP/online-book-store/secure/bootstrap/img/kotlin_250x250.png
../../Code/Platform/PHP/online-book-store/secure/bootstrap/img/logic_program.jpg
../../Code/Platform/PHP/online-book-store/secure/bootstrap/img/mobile_app.jpg
../../Code/Platform/PHP/online-book-store/secure/bootstrap/img/pro_asp4.jpg
../../Code/Platform/PHP/online-book-store/secure/bootstrap/img/pro_js.jpg
../../Code/Platform/PHP/online-book-store/secure/bootstrap/img/unnamed.png
../../Code/Platform/PHP/online-book-store/secure/bootstrap/img/web_app_dev.jpg
../../Code/Platform/PHP/online-book-store/secure/bootstrap/img/android_studio.jpg
../../Code/Platform/PHP/online-book-store/secure/bootstrap/img/beauty_js.jpg
../../Code/Platform/PHP/online-book-store/secure/bootstrap/img/c_14_quick.jpg
../../Code/Platform/PHP/online-book-store/secure/bootstrap/img/c_sharp_6.jpg
../../Code/Platform/PHP/online-book-store/secure/bootstrap/img/doing_good.jpg
../../Code/Platform/PHP/online-book-store/secure/bootstrap/img/img1.jpg
../../Code/Platform/PHP/online-book-store/secure/bootstrap/img/img2.jpg
../../Code/Platform/PHP/online-book-store/secure/bootstrap/img/img3.jpg
../../Code/Platform/PHP/online-book-store/secure/bootstrap/img/kotlin_250x250.png
../../Code/Platform/PHP/online-book-store/secure/bootstrap/img/logic_program.jpg
../../Code/Platform/PHP/online-book-store/secure/bootstrap/img/mobile_app.jpg
../../Code/Platform/PHP/online-book-store/secure/bootstrap/img/pro_asp4.jpg
../../Code/Platform/PHP/online-book-store/secure/bootstrap/img/pro_js.jpg
../../Code/Platform/PHP/online-book-store/secure/bootstrap/img/unnamed.png
../../Code/Platform/PHP/online-book-store/secure/bootstrap/img/web_app_dev.jpg
../../Code/Platform/PHP/online-book-store/secure/bootstrap/js/bootstrap.min.js
../../Code/Platform/PHP/online-book-store/secure/bootstrap/js/jquery-2.1.4.min.js
../../Code/Platform/PHP/online-book-store/secure/bootstrap/js/bootstrap.min.js
../../Code/Platform/PHP/online-book-store/secure/bootstrap/js/jquery-2.1.4.min.js
../../Code/Platform/PHP/online-book-store/secure/controllers/DatabaseTalking/Take.php
../../Code/Platform/PHP/online-book-store/secure/controllers/DatabaseTalking/Talking.php
../../Code/Platform/PHP/online-book-store/secure/controllers/DatabaseTalking/Take.php
../../Code/Platform/PHP/online-book-store/secure/controllers/DatabaseTalking/Talking.php
../../Code/Platform/PHP/online-book-store/secure/database/readme.txt.txt
../../Code/Platform/PHP/online-book-store/secure/database/www_project.sql
../../Code/Platform/PHP/online-book-store/secure/database/readme.txt.txt
../../Code/Platform/PHP/online-book-store/secure/database/www_project.sql
../../Code/Platform/PHP/online-book-store/secure/functions/admin.php
../../Code/Platform/PHP/online-book-store/secure/functions/cart_functions.php
../../Code/Platform/PHP/online-book-store/secure/functions/database_functions.php
../../Code/Platform/PHP/online-book-store/secure/functions/admin.php
../../Code/Platform/PHP/online-book-store/secure/functions/cart_functions.php
../../Code/Platform/PHP/online-book-store/secure/functions/database_functions.php
../../Code/Platform/PHP/online-book-store/secure/models/admin/Admin.php
../../Code/Platform/PHP/online-book-store/secure/models/admin/Admin.php
../../Code/Platform/PHP/online-book-store/secure/models/customer/Customers.php
../../Code/Platform/PHP/online-book-store/secure/models/customer/Customers.php
../../Code/Platform/PHP/online-book-store/secure/models/goods/Address.php
../../Code/Platform/PHP/online-book-store/secure/models/goods/Author.php
../../Code/Platform/PHP/online-book-store/secure/models/goods/Book.php
../../Code/Platform/PHP/online-book-store/secure/models/goods/BookTest.php
../../Code/Platform/PHP/online-book-store/secure/models/goods/Genre.php
../../Code/Platform/PHP/online-book-store/secure/models/goods/Publishers.php
../../Code/Platform/PHP/online-book-store/secure/models/goods/Address.php
../../Code/Platform/PHP/online-book-store/secure/models/goods/Author.php
../../Code/Platform/PHP/online-book-store/secure/models/goods/Book.php
../../Code/Platform/PHP/online-book-store/secure/models/goods/BookTest.php
../../Code/Platform/PHP/online-book-store/secure/models/goods/Genre.php
../../Code/Platform/PHP/online-book-store/secure/models/goods/Publishers.php
../../Code/Platform/PHP/online-book-store/secure/models/interfaces/Damage.php
../../Code/Platform/PHP/online-book-store/secure/models/interfaces/Damage.php
../../Code/Platform/PHP/online-book-store/secure/models/orders/OrderDetails.php
../../Code/Platform/PHP/online-book-store/secure/models/orders/Orders.php
../../Code/Platform/PHP/online-book-store/secure/models/orders/OrdersTest.php
../../Code/Platform/PHP/online-book-store/secure/models/orders/UnAvailableOrderDetails.php
../../Code/Platform/PHP/online-book-store/secure/models/orders/OrderDetails.php
../../Code/Platform/PHP/online-book-store/secure/models/orders/Orders.php
../../Code/Platform/PHP/online-book-store/secure/models/orders/OrdersTest.php
../../Code/Platform/PHP/online-book-store/secure/models/orders/UnAvailableOrderDetails.php
../../Code/Platform/PHP/online-book-store/secure/models/reviews/Review.php
../../Code/Platform/PHP/online-book-store/secure/models/reviews/Review.php
../../Code/Platform/PHP/online-book-store/secure/models/serve/FileInterface.php
../../Code/Platform/PHP/online-book-store/secure/models/serve/Image.php
../../Code/Platform/PHP/online-book-store/secure/models/serve/FileInterface.php
../../Code/Platform/PHP/online-book-store/secure/models/serve/Image.php
../../Code/Platform/PHP/online-book-store/secure/template/footer.php
../../Code/Platform/PHP/online-book-store/secure/template/header.php
../../Code/Platform/PHP/online-book-store/secure/template/footer.php
../../Code/Platform/PHP/online-book-store/secure/template/header.php
